<?xml version="1.0" encoding="UTF-8"?>
<testsuite xmlns:xsi="http://www.w3.org/2001/XMLSchema-instance" xsi:noNamespaceSchemaLocation="https://maven.apache.org/surefire/maven-surefire-plugin/xsd/surefire-test-report-3.0.xsd" version="3.0" name="cucumber.Options.TestRunner" time="33.994" tests="1" errors="0" skipped="0" failures="0">
  <properties>
[...]
</properties>
  <testcase name="Ecom app view order validations" classname="Ecom app API validation" time="26.582">
    <system-out><![CDATA[
@vieworder
Scenario Outline: Ecom app view order validations                                   # src/test/java/features/ecom.feature:46
  ✔ Given user has "LOGINAPI" payload with "sanimondal7@gmail.com" and "Dexter@456" # stepdefinitions.ecomstep.user_has_payload_with_and(java.lang.String,java.lang.String,java.lang.String)
{
    "token": "eyJhbGciOiJIUzI1NiIsInR5cCI6IkpXVCJ9.eyJfaWQiOiI2NWZlNjYxZGE4NmY4Zjc0ZGNhOGY5MzAiLCJ1c2VyRW1haWwiOiJzYW5pbW9uZGFsN0BnbWFpbC5jb20iLCJ1c2VyTW9iaWxlIjo1NjU2Nzg0NTY1LCJ1c2VyUm9sZSI6ImN1c3RvbWVyIiwiaWF0IjoxNzc5NjI0Njg3LCJleHAiOjE4MTExODIyODd9.-MoXGE2T0Y3bAUb3--QutjFVz-DqLV78weoq4DDAUoY",
    "userId": "65fe661da86f8f74dca8f930",
    "message": "Login Successfully"
}
  ✔ When user calls login api request with POST http method                         # stepdefinitions.ecomstep.user_calls_login_api_request_with_post_http_method()
  ✔ And user has view order "VIEWORDER" payload with "69c92f18f86ba51a6533e98a"     # stepdefinitions.ecomstep.user_has_view_order_payload_with(java.lang.String,java.lang.String)
{
    "data": {
        "_id": "69c92f18f86ba51a6533e98a",
        "orderById": "65fe661da86f8f74dca8f930",
        "orderBy": "sanimondal7@gmail.com",
        "productOrderedId": "69c90e22f86ba51a653390c6",
        "productName": "qwerty",
        "country": "India",
        "productDescription": "Addias Originals",
        "productImage": "https://rahulshettyacademy.com/api/ecom/uploads/productImage_1774784033181.jpg",
        "orderPrice": "11500",
        "__v": 0
    },
    "message": "Orders fetched for customer Successfully"
}
  ✔ When user calls VIEWORDER api request with GET http method                      # stepdefinitions.ecomstep.user_calls_vieworder_api_request_with_get_http_method()
]]></system-out>
    <system-err><![CDATA[SLF4J(W): No SLF4J providers were found.
SLF4J(W): Defaulting to no-operation (NOP) logger implementation
SLF4J(W): See https://www.slf4j.org/codes.html#noProviders for further details.
]]></system-err>
  </testcase>
</testsuite>