<?xml version="1.0" encoding="UTF-8"?>
<testng-results ignored="0" total="1" passed="1" failed="0" skipped="0">
  <reporter-output>
  </reporter-output>
  <suite started-at="2026-03-26T16:15:48 GMT" name="Default suite" finished-at="2026-03-26T16:15:53 GMT" duration-ms="4593">
    <groups>
    </groups>
    <test started-at="2026-03-26T16:15:48 GMT" name="Default test" finished-at="2026-03-26T16:15:53 GMT" duration-ms="4593">
      <class name="basics.Courses">
        <test-method signature="courses()[pri:0, instance:basics.Courses@7c7a06ec]" started-at="2026-03-26T16:15:48 GMT" name="courses" finished-at="2026-03-26T16:15:53 GMT" duration-ms="4523" status="PASS">
          <reporter-output>
          </reporter-output>
        </test-method> <!-- courses -->
      </class> <!-- basics.Courses -->
    </test> <!-- Default test -->
  </suite> <!-- Default suite -->
</testng-results>
